[2026-02-20 15:15:14] Polymarket Paper Trading System Started
[2026-02-20 15:15:14] ==================================================
[2026-02-20 15:15:14] STARTING TRADING CYCLE
[2026-02-20 15:15:14] 
--- Checking BTC ---
[2026-02-20 15:15:14] Market: Bitcoin Up or Down - February 20, 3:15PM-3:30PM ET
[2026-02-20 15:15:14] Prices: Up $0.47 | Down $0.53
[2026-02-20 15:15:14] Volume: $920.33 | Liquidity: $20,079.79
[2026-02-20 15:15:14] 💤 HOLD: Up price 47.50% in neutral zone
[2026-02-20 15:15:14] 
--- Checking ETH ---
[2026-02-20 15:15:14] Market: Ethereum Up or Down - February 20, 3:15PM-3:30PM ET
[2026-02-20 15:15:14] Prices: Up $0.49 | Down $0.51
[2026-02-20 15:15:14] Volume: $96.14 | Liquidity: $12,383.56
[2026-02-20 15:15:14] 💤 HOLD: Up price 49.50% in neutral zone
[2026-02-20 15:15:14] 
--- SUMMARY ---
[2026-02-20 15:15:14] Total Trades: 0
[2026-02-20 15:15:14] Consecutive Losses: 0
[2026-02-20 15:15:14] Total P&L: $0.00
[2026-02-20 15:15:14] ==================================================
[2026-02-20 15:30:15] Polymarket Paper Trading System Started
[2026-02-20 15:30:15] ==================================================
[2026-02-20 15:30:15] STARTING TRADING CYCLE
[2026-02-20 15:30:15] 
--- Checking BTC ---
[2026-02-20 15:30:15] Market: Bitcoin Up or Down - February 20, 3:30PM-3:45PM ET
[2026-02-20 15:30:15] Prices: Up $0.51 | Down $0.49
[2026-02-20 15:30:15] Volume: $704.79 | Liquidity: $21,539.55
[2026-02-20 15:30:15] 💤 HOLD: Up price 50.50% in neutral zone
[2026-02-20 15:30:15] 
--- Checking ETH ---
[2026-02-20 15:30:15] Market: Ethereum Up or Down - February 20, 3:30PM-3:45PM ET
[2026-02-20 15:30:15] Prices: Up $0.49 | Down $0.51
[2026-02-20 15:30:15] Volume: $210.23 | Liquidity: $8,126.71
[2026-02-20 15:30:15] 💤 HOLD: Up price 49.50% in neutral zone
[2026-02-20 15:30:15] 
--- SUMMARY ---
[2026-02-20 15:30:15] Total Trades: 0
[2026-02-20 15:30:15] Consecutive Losses: 0
[2026-02-20 15:30:15] Total P&L: $0.00
[2026-02-20 15:30:15] ==================================================
[2026-02-20 15:32:11] === NEW CYCLE - NEXT WINDOW ===
[2026-02-20 15:32:11] Bitcoin: Up $0.51 | Down $0.49
[2026-02-20 15:32:11]   HOLD: 50.50%
[2026-02-20 15:32:11] Ethereum: Up $0.49 | Down $0.51
[2026-02-20 15:32:11]   HOLD: 49.50%
[2026-02-20 15:32:11] Total P&L: $0.00
