[2026-02-20 14:48:04] Polymarket Paper Trading System Started
[2026-02-20 14:48:04] ==================================================
[2026-02-20 14:48:04] STARTING TRADING CYCLE
[2026-02-20 14:48:04] 
--- Checking BTC ---
[2026-02-20 14:48:04] Market: Bitcoin Up or Down - February 20, 2:45PM-3:00PM ET
[2026-02-20 14:48:04] Prices: Up $0.49 | Down $0.51
[2026-02-20 14:48:04] Volume: $1,115.92 | Liquidity: $23,978.84
[2026-02-20 14:48:25] Polymarket Paper Trading System Started
[2026-02-20 14:48:25] ==================================================
[2026-02-20 14:48:25] STARTING TRADING CYCLE
[2026-02-20 14:48:25] 
--- Checking BTC ---
[2026-02-20 14:48:25] Market: Bitcoin Up or Down - February 20, 2:45PM-3:00PM ET
[2026-02-20 14:48:25] Prices: Up $0.49 | Down $0.51
[2026-02-20 14:48:25] Volume: $1,115.92 | Liquidity: $23,978.84
[2026-02-20 14:48:25] 💤 HOLD: Up price 49.50% in neutral zone
[2026-02-20 14:48:25] 
--- Checking ETH ---
[2026-02-20 14:48:25] Market: Ethereum Up or Down - February 20, 2:45PM-3:00PM ET
[2026-02-20 14:48:25] Prices: Up $0.51 | Down $0.49
[2026-02-20 14:48:25] Volume: $187.48 | Liquidity: $13,560.71
[2026-02-20 14:48:25] 💤 HOLD: Up price 50.50% in neutral zone
[2026-02-20 14:48:25] 
--- SUMMARY ---
[2026-02-20 14:48:25] Total Trades: 0
[2026-02-20 14:48:25] Consecutive Losses: 0
[2026-02-20 14:48:25] Total P&L: $0.00
[2026-02-20 14:48:25] ==================================================
